[0.013s] Invoking command in '/home/yanlin/dev_ws/build/cpp_pubsub': AMENT_PREFIX_PATH=/home/yanlin/dev_ws/install/tutorial_interfaces:${AMENT_PREFIX_PATH} CMAKE_PREFIX_PATH=/home/yanlin/dev_ws/install/tutorial_interfaces:/opt/ros/foxy LD_LIBRARY_PATH=/home/yanlin/dev_ws/install/tutorial_interfaces/lib:${LD_LIBRARY_PATH} PYTHONPATH=/home/yanlin/dev_ws/install/tutorial_interfaces/lib/python3.8/site-packages:${PYTHONPATH} /usr/bin/cmake --build /home/yanlin/dev_ws/build/cpp_pubsub -- -j8 -l8
[0.035s] -- Found ament_cmake: 0.9.8 (/opt/ros/foxy/share/ament_cmake/cmake)
[0.052s] -- Using PYTHON_EXECUTABLE: /usr/bin/python3
[0.197s] -- Found rclcpp: 2.3.0 (/opt/ros/foxy/share/rclcpp/cmake)
[0.223s] -- Using all available rosidl_typesupport_c: rosidl_typesupport_fastrtps_c;rosidl_typesupport_introspection_c
[0.227s] -- Found rosidl_adapter: 1.2.0 (/opt/ros/foxy/share/rosidl_adapter/cmake)
[0.307s] -- Using all available rosidl_typesupport_cpp: rosidl_typesupport_fastrtps_cpp;rosidl_typesupport_introspection_cpp
[0.349s] -- Found rmw_implementation_cmake: 1.0.2 (/opt/ros/foxy/share/rmw_implementation_cmake/cmake)
[0.351s] -- Using RMW implementation 'rmw_fastrtps_cpp' as default
[0.472s] -- Found tutorial_interfaces: 0.0.0 (/home/yanlin/dev_ws/install/tutorial_interfaces/share/tutorial_interfaces/cmake)
[0.480s] -- Found ament_lint_auto: 0.9.6 (/opt/ros/foxy/share/ament_lint_auto/cmake)
[0.531s] -- Added test 'copyright' to check source files copyright and LICENSE
[0.531s] -- Added test 'cppcheck' to perform static code analysis on C / C++ code
[0.532s] -- Configured cppcheck include dirs: 
[0.532s] -- Configured cppcheck exclude dirs and/or files: 
[0.532s] -- Added test 'cpplint' to check C / C++ code against the Google style
[0.532s] -- Configured cpplint exclude dirs and/or files: 
[0.533s] -- Added test 'lint_cmake' to check CMake code style
[0.534s] -- Added test 'uncrustify' to check C / C++ code style
[0.534s] -- Configured uncrustify additional arguments: 
[0.534s] -- Added test 'xmllint' to check XML markup files
[0.536s] -- Configuring done
[0.544s] -- Generating done
[0.546s] -- Build files have been written to: /home/yanlin/dev_ws/build/cpp_pubsub
[0.565s] [35m[1mScanning dependencies of target talker[0m
[0.566s] [35m[1mScanning dependencies of target listener[0m
[0.587s] [ 50%] [32mBuilding CXX object CMakeFiles/listener.dir/src/subscriber_member_function.cpp.o[0m
[0.587s] [ 50%] [32mBuilding CXX object CMakeFiles/talker.dir/src/publisher_member_function.cpp.o[0m
[1.650s] [01m[K/home/yanlin/dev_ws/src/cpp_pubsub/src/subscriber_member_function.cpp:32:29:[m[K [01;31m[Kerror: [m[Kâ€˜[01m[Ktutorial_interfaces[m[Kâ€™ does not name a type; did you mean â€˜[01m[Krcl_interfaces[m[Kâ€™?
[1.650s]    32 |   void topic_callback(const [01;31m[Ktutorial_interfaces[m[K::msg::Num::SharedPtr msg) const
[1.650s]       |                             [01;31m[K^~~~~~~~~~~~~~~~~~~[m[K
[1.650s]       |                             [32m[Krcl_interfaces[m[K
[1.650s] [01m[K/home/yanlin/dev_ws/src/cpp_pubsub/src/subscriber_member_function.cpp:32:53:[m[K [01;31m[Kerror: [m[Kexpected unqualified-id before â€˜[01m[K::[m[Kâ€™ token
[1.650s]    32 |   void topic_callback(const tutorial_interfaces::msg[01;31m[K::[m[KNum::SharedPtr msg) const
[1.650s]       |                                                     [01;31m[K^~[m[K
[1.650s] [01m[K/home/yanlin/dev_ws/src/cpp_pubsub/src/subscriber_member_function.cpp:32:53:[m[K [01;31m[Kerror: [m[Kexpected â€˜[01m[K)[m[Kâ€™ before â€˜[01m[K::[m[Kâ€™ token
[1.650s]    32 |   void topic_callback[34m[K([m[Kconst tutorial_interfaces::msg[01;31m[K:[m[K[32m[K:[m[KNum::SharedPtr msg) const
[1.650s]       |                      [34m[K~[m[K                              [01;31m[K^[m[K[32m[K~[m[K
[1.650s]       |                                                     [32m[K)[m[K
[1.651s] [01m[K/home/yanlin/dev_ws/src/cpp_pubsub/src/subscriber_member_function.cpp:32:50:[m[K [01;31m[Kerror: [m[Kexpected â€˜[01m[K;[m[Kâ€™ at end of member declaration
[1.651s]    32 |   void topic_callback(const tutorial_interfaces::[01;31m[Kmsg[m[K::Num::SharedPtr msg) const
[1.651s]       |                                                  [01;31m[K^~~[m[K
[1.651s]       |                                                     [32m[K;[m[K
[1.651s] [01m[K/home/yanlin/dev_ws/src/cpp_pubsub/src/subscriber_member_function.cpp:32:55:[m[K [01;31m[Kerror: [m[Kâ€˜[01m[KNum[m[Kâ€™ in namespace â€˜[01m[K::[m[Kâ€™ does not name a type
[1.651s]    32 |   void topic_callback(const tutorial_interfaces::msg::[01;31m[KNum[m[K::SharedPtr msg) const
[1.651s]       |                                                       [01;31m[K^~~[m[K
[1.651s] [01m[K/home/yanlin/dev_ws/src/cpp_pubsub/src/publisher_member_function.cpp:47:21:[m[K [01;31m[Kerror: [m[Kâ€˜[01m[Ktutorial_interfaces[m[Kâ€™ was not declared in this scope; did you mean â€˜[01m[Krcl_interfaces[m[Kâ€™?
[1.651s]    47 |   rclcpp::Publisher<[01;31m[Ktutorial_interfaces[m[K::msg::Num>::SharedPtr publisher_;
[1.651s]       |                     [01;31m[K^~~~~~~~~~~~~~~~~~~[m[K
[1.651s]       |                     [32m[Krcl_interfaces[m[K
[1.651s] [01m[K/home/yanlin/dev_ws/src/cpp_pubsub/src/publisher_member_function.cpp:47:50:[m[K [01;31m[Kerror: [m[Ktemplate argument 1 is invalid
[1.651s]    47 |   rclcpp::Publisher<tutorial_interfaces::msg::Num[01;31m[K>[m[K::SharedPtr publisher_;
[1.651s]       |                                                  [01;31m[K^[m[K
[1.651s] [01m[K/home/yanlin/dev_ws/src/cpp_pubsub/src/publisher_member_function.cpp:47:53:[m[K [01;31m[Kerror: [m[Kexpected â€˜[01m[K;[m[Kâ€™ at end of member declaration
[1.651s]    47 |   rclcpp::Publisher<tutorial_interfaces::msg::Num>::[01;31m[KSharedPtr[m[K publisher_;
[1.651s]       |                                                     [01;31m[K^~~~~~~~~[m[K
[1.651s]       |                                                              [32m[K;[m[K
[1.652s] [01m[K/home/yanlin/dev_ws/src/cpp_pubsub/src/publisher_member_function.cpp:47:63:[m[K [01;31m[Kerror: [m[Kâ€˜[01m[Kpublisher_[m[Kâ€™ does not name a type; did you mean â€˜[01m[Krcl_publisher_t[m[Kâ€™?
[1.652s]    47 |   rclcpp::Publisher<tutorial_interfaces::msg::Num>::SharedPtr [01;31m[Kpublisher_[m[K;
[1.652s]       |                                                               [01;31m[K^~~~~~~~~~[m[K
[1.652s]       |                                                               [32m[Krcl_publisher_t[m[K
[1.653s] [01m[K/home/yanlin/dev_ws/src/cpp_pubsub/src/subscriber_member_function.cpp:36:24:[m[K [01;31m[Kerror: [m[Kâ€˜[01m[Ktutorial_interfaces[m[Kâ€™ was not declared in this scope; did you mean â€˜[01m[Krcl_interfaces[m[Kâ€™?
[1.653s]    36 |   rclcpp::Subscription<[01;31m[Ktutorial_interfaces[m[K::msg::Num>::SharedPtr subscription_;
[1.653s]       |                        [01;31m[K^~~~~~~~~~~~~~~~~~~[m[K
[1.653s]       |                        [32m[Krcl_interfaces[m[K
[1.653s] [01m[K/home/yanlin/dev_ws/src/cpp_pubsub/src/subscriber_member_function.cpp:36:53:[m[K [01;31m[Kerror: [m[Ktemplate argument 1 is invalid
[1.653s]    36 |   rclcpp::Subscription<tutorial_interfaces::msg::Num[01;31m[K>[m[K::SharedPtr subscription_;
[1.653s]       |                                                     [01;31m[K^[m[K
[1.653s] [01m[K/home/yanlin/dev_ws/src/cpp_pubsub/src/subscriber_member_function.cpp:36:53:[m[K [01;31m[Kerror: [m[Ktemplate argument 3 is invalid
[1.653s] [01m[K/home/yanlin/dev_ws/src/cpp_pubsub/src/subscriber_member_function.cpp:36:56:[m[K [01;31m[Kerror: [m[Kexpected â€˜[01m[K;[m[Kâ€™ at end of member declaration
[1.653s]    36 |   rclcpp::Subscription<tutorial_interfaces::msg::Num>::[01;31m[KSharedPtr[m[K subscription_;
[1.653s]       |                                                        [01;31m[K^~~~~~~~~[m[K
[1.653s]       |                                                                 [32m[K;[m[K
[1.654s] [01m[K/home/yanlin/dev_ws/src/cpp_pubsub/src/subscriber_member_function.cpp:36:66:[m[K [01;31m[Kerror: [m[Kâ€˜[01m[Ksubscription_[m[Kâ€™ does not name a type; did you mean â€˜[01m[Krcl_subscription_t[m[Kâ€™?
[1.654s]    36 |   rclcpp::Subscription<tutorial_interfaces::msg::Num>::SharedPtr [01;31m[Ksubscription_[m[K;
[1.655s]       |                                                                  [01;31m[K^~~~~~~~~~~~~[m[K
[1.655s]       |                                                                  [32m[Krcl_subscription_t[m[K
[1.655s] [01m[K/home/yanlin/dev_ws/src/cpp_pubsub/src/publisher_member_function.cpp:[m[K In constructor â€˜[01m[KMinimalPublisher::MinimalPublisher()[m[Kâ€™:
[1.655s] [01m[K/home/yanlin/dev_ws/src/cpp_pubsub/src/publisher_member_function.cpp:32:5:[m[K [01;31m[Kerror: [m[Kâ€˜[01m[Kpublisher_[m[Kâ€™ was not declared in this scope; did you mean â€˜[01m[Krcl_publisher_t[m[Kâ€™?
[1.655s]    32 |     [01;31m[Kpublisher_[m[K = this->create_publisher<tutorial_interfaces::msg::Num>("topic", 10);
[1.655s]       |     [01;31m[K^~~~~~~~~~[m[K
[1.655s]       |     [32m[Krcl_publisher_t[m[K
[1.657s] [01m[K/home/yanlin/dev_ws/src/cpp_pubsub/src/subscriber_member_function.cpp:[m[K In constructor â€˜[01m[KMinimalSubscriber::MinimalSubscriber()[m[Kâ€™:
[1.657s] [01m[K/home/yanlin/dev_ws/src/cpp_pubsub/src/subscriber_member_function.cpp:27:5:[m[K [01;31m[Kerror: [m[Kâ€˜[01m[Ksubscription_[m[Kâ€™ was not declared in this scope; did you mean â€˜[01m[Krcl_subscription_t[m[Kâ€™?
[1.657s]    27 |     [01;31m[Ksubscription_[m[K = this->create_subscription<tutorial_interfaces::msg::Num>(
[1.657s]       |     [01;31m[K^~~~~~~~~~~~~[m[K
[1.657s]       |     [32m[Krcl_subscription_t[m[K
[1.657s] [01m[K/home/yanlin/dev_ws/src/cpp_pubsub/src/publisher_member_function.cpp:32:41:[m[K [01;31m[Kerror: [m[Kâ€˜[01m[Ktutorial_interfaces[m[Kâ€™ was not declared in this scope; did you mean â€˜[01m[Krcl_interfaces[m[Kâ€™?
[1.658s]    32 |     publisher_ = this->create_publisher<[01;31m[Ktutorial_interfaces[m[K::msg::Num>("topic", 10);
[1.658s]       |                                         [01;31m[K^~~~~~~~~~~~~~~~~~~[m[K
[1.658s]       |                                         [32m[Krcl_interfaces[m[K
[1.658s] [01m[K/home/yanlin/dev_ws/src/cpp_pubsub/src/publisher_member_function.cpp:32:24:[m[K [01;31m[Kerror: [m[Kparse error in template argument list
[1.658s]    32 |     publisher_ = this->[01;31m[Kcreate_publisher<tutorial_interfaces::msg::Num>[m[K("topic", 10);
[1.658s]       |                        [01;31m[K^~~~~~~~~~~~~~~~~~~~~~~~~~~~~~~~~~~~~~~~~~~~~~~[m[K
[1.658s] [01m[K/home/yanlin/dev_ws/src/cpp_pubsub/src/publisher_member_function.cpp:32:83:[m[K [01;31m[Kerror: [m[Kno matching function for call to â€˜[01m[KMinimalPublisher::create_publisher<<expression error> >(const char [6], int)[m[Kâ€™
[1.658s]    32 |     publisher_ = this->create_publisher<tutorial_interfaces::msg::Num>("topic", 10[01;31m[K)[m[K;
[1.658s]       |                                                                                   [01;31m[K^[m[K
[1.658s] In file included from [01m[K/opt/ros/foxy/include/rclcpp/executors/single_threaded_executor.hpp:28[m[K,
[1.658s]                  from [01m[K/opt/ros/foxy/include/rclcpp/executors.hpp:22[m[K,
[1.658s]                  from [01m[K/opt/ros/foxy/include/rclcpp/rclcpp.hpp:146[m[K,
[1.658s]                  from [01m[K/home/yanlin/dev_ws/src/cpp_pubsub/src/publisher_member_function.cpp:18[m[K:
[1.658s] [01m[K/opt/ros/foxy/include/rclcpp/node.hpp:184:3:[m[K [01;36m[Knote: [m[Kcandidate: â€˜[01m[Ktemplate<class MessageT, class AllocatorT, class PublisherT> std::shared_ptr<PublisherT> rclcpp::Node::create_publisher(const string&, const rclcpp::QoS&, const rclcpp::PublisherOptionsWithAllocator<AllocatorT>&)[m[Kâ€™
[1.658s]   184 |   [01;36m[Kcreate_publisher[m[K(
[1.658s]       |   [01;36m[K^~~~~~~~~~~~~~~~[m[K
[1.658s] [01m[K/opt/ros/foxy/include/rclcpp/node.hpp:184:3:[m[K [01;36m[Knote: [m[K  template argument deduction/substitution failed:
[1.658s] [01m[K/home/yanlin/dev_ws/src/cpp_pubsub/src/publisher_member_function.cpp:32:83:[m[K [01;31m[Kerror: [m[Ktemplate argument 1 is invalid
[1.659s]    32 |     publisher_ = this->create_publisher<tutorial_interfaces::msg::Num>("topic", 10[01;31m[K)[m[K;
[1.659s]       |                                                                                   [01;31m[K^[m[K
[1.660s] [01m[K/home/yanlin/dev_ws/src/cpp_pubsub/src/subscriber_member_function.cpp:27:47:[m[K [01;31m[Kerror: [m[Kâ€˜[01m[Ktutorial_interfaces[m[Kâ€™ was not declared in this scope; did you mean â€˜[01m[Krcl_interfaces[m[Kâ€™?
[1.660s]    27 |     subscription_ = this->create_subscription<[01;31m[Ktutorial_interfaces[m[K::msg::Num>(
[1.660s]       |                                               [01;31m[K^~~~~~~~~~~~~~~~~~~[m[K
[1.660s]       |                                               [32m[Krcl_interfaces[m[K
[1.660s] [01m[K/home/yanlin/dev_ws/src/cpp_pubsub/src/subscriber_member_function.cpp:27:27:[m[K [01;31m[Kerror: [m[Kparse error in template argument list
[1.660s]    27 |     subscription_ = this->[01;31m[Kcreate_subscription<tutorial_interfaces::msg::Num>[m[K(
[1.660s]       |                           [01;31m[K^~~~~~~~~~~~~~~~~~~~~~~~~~~~~~~~~~~~~~~~~~~~~~~~~~[m[K
[1.666s] [01m[K/home/yanlin/dev_ws/src/cpp_pubsub/src/subscriber_member_function.cpp:28:75:[m[K [01;31m[Kerror: [m[Kno matching function for call to â€˜[01m[KMinimalSubscriber::create_subscription<<expression error> >(const char [6], int, std::_Bind_helper<false, void (MinimalSubscriber::*)(...), MinimalSubscriber*, const std::_Placeholder<1>&>::type)[m[Kâ€™
[1.666s]    28 |       "topic", 10, std::bind(&MinimalSubscriber::topic_callback, this, _1)[01;31m[K)[m[K;
[1.666s]       |                                                                           [01;31m[K^[m[K
[1.666s] In file included from [01m[K/opt/ros/foxy/include/rclcpp/executors/single_threaded_executor.hpp:28[m[K,
[1.666s]                  from [01m[K/opt/ros/foxy/include/rclcpp/executors.hpp:22[m[K,
[1.666s]                  from [01m[K/opt/ros/foxy/include/rclcpp/rclcpp.hpp:146[m[K,
[1.666s]                  from [01m[K/home/yanlin/dev_ws/src/cpp_pubsub/src/subscriber_member_function.cpp:17[m[K:
[1.666s] [01m[K/opt/ros/foxy/include/rclcpp/node.hpp:213:3:[m[K [01;36m[Knote: [m[Kcandidate: â€˜[01m[Ktemplate<class MessageT, class CallbackT, class AllocatorT, class CallbackMessageT, class SubscriptionT, class MessageMemoryStrategyT> std::shared_ptr<SubscriptionT> rclcpp::Node::create_subscription(const string&, const rclcpp::QoS&, CallbackT&&, const rclcpp::SubscriptionOptionsWithAllocator<AllocatorT>&, typename MessageMemoryStrategyT::SharedPtr)[m[Kâ€™
[1.666s]   213 |   [01;36m[Kcreate_subscription[m[K(
[1.666s]       |   [01;36m[K^~~~~~~~~~~~~~~~~~~[m[K
[1.666s] [01m[K/opt/ros/foxy/include/rclcpp/node.hpp:213:3:[m[K [01;36m[Knote: [m[K  template argument deduction/substitution failed:
[1.666s] [01m[K/home/yanlin/dev_ws/src/cpp_pubsub/src/subscriber_member_function.cpp:28:75:[m[K [01;31m[Kerror: [m[Ktemplate argument 1 is invalid
[1.667s]    28 |       "topic", 10, std::bind(&MinimalSubscriber::topic_callback, this, _1)[01;31m[K)[m[K;
[1.667s]       |                                                                           [01;31m[K^[m[K
[1.667s] [01m[K/home/yanlin/dev_ws/src/cpp_pubsub/src/publisher_member_function.cpp:[m[K In member function â€˜[01m[Kvoid MinimalPublisher::timer_callback()[m[Kâ€™:
[1.667s] [01m[K/home/yanlin/dev_ws/src/cpp_pubsub/src/publisher_member_function.cpp:40:20:[m[K [01;31m[Kerror: [m[Kâ€˜[01m[Ktutorial_interfaces[m[Kâ€™ has not been declared
[1.667s]    40 |     auto message = [01;31m[Ktutorial_interfaces[m[K::msg::Num();
[1.667s]       |                    [01;31m[K^~~~~~~~~~~~~~~~~~~[m[K
[1.670s] [01m[K/home/yanlin/dev_ws/src/cpp_pubsub/src/publisher_member_function.cpp:44:5:[m[K [01;31m[Kerror: [m[Kâ€˜[01m[Kpublisher_[m[Kâ€™ was not declared in this scope; did you mean â€˜[01m[Krcl_publisher_t[m[Kâ€™?
[1.670s]    44 |     [01;31m[Kpublisher_[m[K->publish(message);
[1.670s]       |     [01;31m[K^~~~~~~~~~[m[K
[1.670s]       |     [32m[Krcl_publisher_t[m[K
[1.976s] make[2]: *** [CMakeFiles/listener.dir/build.make:63: CMakeFiles/listener.dir/src/subscriber_member_function.cpp.o] Error 1
[1.976s] make[1]: *** [CMakeFiles/Makefile2:80: CMakeFiles/listener.dir/all] Error 2
[1.976s] make[1]: *** Waiting for unfinished jobs....
[2.017s] make[2]: *** [CMakeFiles/talker.dir/build.make:63: CMakeFiles/talker.dir/src/publisher_member_function.cpp.o] Error 1
[2.017s] make[1]: *** [CMakeFiles/Makefile2:107: CMakeFiles/talker.dir/all] Error 2
[2.017s] make: *** [Makefile:141: all] Error 2
[2.020s] Invoked command in '/home/yanlin/dev_ws/build/cpp_pubsub' returned '2': AMENT_PREFIX_PATH=/home/yanlin/dev_ws/install/tutorial_interfaces:${AMENT_PREFIX_PATH} CMAKE_PREFIX_PATH=/home/yanlin/dev_ws/install/tutorial_interfaces:/opt/ros/foxy LD_LIBRARY_PATH=/home/yanlin/dev_ws/install/tutorial_interfaces/lib:${LD_LIBRARY_PATH} PYTHONPATH=/home/yanlin/dev_ws/install/tutorial_interfaces/lib/python3.8/site-packages:${PYTHONPATH} /usr/bin/cmake --build /home/yanlin/dev_ws/build/cpp_pubsub -- -j8 -l8
